{
"/Users/athomschke/dev/Journal/react-native.jestSupport.env.js":{"path":"/Users/athomschke/dev/Journal/react-native.jestSupport.env.js","s":{"1":2,"2":2,"3":2,"4":2,"5":2},"b":{},"f":{},"fnMap":{},"statementMap":{"1":{"start":{"line":11,"column":0},"end":{"line":11,"column":116}},"2":{"start":{"line":13,"column":0},"end":{"line":13,"column":20}},"3":{"start":{"line":14,"column":0},"end":{"line":16,"column":23}},"4":{"start":{"line":19,"column":0},"end":{"line":19,"column":75}},"5":{"start":{"line":20,"column":0},"end":{"line":20,"column":120}}},"branchMap":{},"l":{"11":2,"13":2,"14":2,"19":2,"20":2}},
"/Users/athomschke/dev/Journal/app/actions/writing.js":{"path":"/Users/athomschke/dev/Journal/app/actions/writing.js","s":{"1":1,"2":1,"3":1,"4":1,"5":1,"6":1,"7":1,"8":1,"9":1,"10":1,"11":1},"b":{},"f":{"1":1,"2":1,"3":1,"4":1,"5":1},"fnMap":{"1":{"name":"changeAffirmation","line":1,"loc":{"start":{"line":1,"column":118},"end":{"line":1,"column":153}}},"2":{"name":"changeAmazingThings","line":8,"loc":{"start":{"line":8,"column":52},"end":{"line":8,"column":89}}},"3":{"name":"changeGrateful","line":15,"loc":{"start":{"line":15,"column":42},"end":{"line":15,"column":74}}},"4":{"name":"changeImprove","line":22,"loc":{"start":{"line":22,"column":40},"end":{"line":22,"column":71}}},"5":{"name":"changeMakesGreat","line":29,"loc":{"start":{"line":29,"column":46},"end":{"line":29,"column":80}}}},"statementMap":{"1":{"start":{"line":1,"column":13},"end":{"line":1,"column":70}},"2":{"start":{"line":1,"column":70},"end":{"line":4,"column":19}},"3":{"start":{"line":2,"column":0},"end":{"line":4,"column":17}},"4":{"start":{"line":8,"column":0},"end":{"line":11,"column":19}},"5":{"start":{"line":9,"column":0},"end":{"line":11,"column":17}},"6":{"start":{"line":15,"column":0},"end":{"line":18,"column":19}},"7":{"start":{"line":16,"column":0},"end":{"line":18,"column":17}},"8":{"start":{"line":22,"column":0},"end":{"line":25,"column":19}},"9":{"start":{"line":23,"column":0},"end":{"line":25,"column":17}},"10":{"start":{"line":29,"column":0},"end":{"line":32,"column":19}},"11":{"start":{"line":30,"column":0},"end":{"line":32,"column":17}}},"branchMap":{},"l":{"1":1,"2":1,"8":1,"9":1,"15":1,"16":1,"22":1,"23":1,"29":1,"30":1}},
"/Users/athomschke/dev/Journal/app/reducers/day.js":{"path":"/Users/athomschke/dev/Journal/app/reducers/day.js","s":{"1":1,"2":1,"3":15,"4":3,"5":3,"6":3,"7":3,"8":3,"9":1},"b":{"1":[3,3,3,3,3]},"f":{"1":15},"fnMap":{"1":{"name":"day","line":1,"loc":{"start":{"line":1,"column":78},"end":{"line":1,"column":104}}}},"statementMap":{"1":{"start":{"line":1,"column":13},"end":{"line":1,"column":70}},"2":{"start":{"line":1,"column":70},"end":{"line":12,"column":69}},"3":{"start":{"line":2,"column":0},"end":{"line":12,"column":67}},"4":{"start":{"line":4,"column":0},"end":{"line":4,"column":67}},"5":{"start":{"line":6,"column":0},"end":{"line":6,"column":69}},"6":{"start":{"line":8,"column":0},"end":{"line":8,"column":64}},"7":{"start":{"line":10,"column":0},"end":{"line":10,"column":63}},"8":{"start":{"line":12,"column":0},"end":{"line":12,"column":66}},"9":{"start":{"line":12,"column":69},"end":{"line":16,"column":4}}},"branchMap":{"1":{"line":2,"type":"switch","locations":[{"start":{"line":3,"column":0},"end":{"line":4,"column":67}},{"start":{"line":5,"column":0},"end":{"line":6,"column":69}},{"start":{"line":7,"column":0},"end":{"line":8,"column":64}},{"start":{"line":9,"column":0},"end":{"line":10,"column":63}},{"start":{"line":11,"column":0},"end":{"line":12,"column":66}}]}},"l":{"1":1,"2":15,"4":3,"6":3,"8":3,"10":3,"12":3}}}
