TN:
SF:/Users/athomschke/dev/Journal/react-native.jestSupport.env.js
FNF:0
FNH:0
DA:11,2
DA:13,2
DA:14,2
DA:19,2
DA:20,2
LF:5
LH:5
BRF:0
BRH:0
end_of_record
TN:
SF:/Users/athomschke/dev/Journal/app/actions/writing.js
FN:1,changeAffirmation
FN:8,changeAmazingThings
FN:15,changeGrateful
FN:22,changeImprove
FN:29,changeMakesGreat
FNF:5
FNH:5
FNDA:1,changeAffirmation
FNDA:1,changeAmazingThings
FNDA:1,changeGrateful
FNDA:1,changeImprove
FNDA:1,changeMakesGreat
DA:1,1
DA:2,1
DA:8,1
DA:9,1
DA:15,1
DA:16,1
DA:22,1
DA:23,1
DA:29,1
DA:30,1
LF:10
LH:10
BRF:0
BRH:0
end_of_record
TN:
SF:/Users/athomschke/dev/Journal/app/reducers/day.js
FN:1,day
FNF:1
FNH:1
FNDA:15,day
DA:1,1
DA:2,15
DA:4,3
DA:6,3
DA:8,3
DA:10,3
DA:12,3
LF:7
LH:7
BRDA:2,1,0,3
BRDA:2,1,1,3
BRDA:2,1,2,3
BRDA:2,1,3,3
BRDA:2,1,4,3
BRF:5
BRH:5
end_of_record
